<?xml version="1.0" encoding="UTF-8"?>
<!-- Generated by org.testng.reporters.JUnitReportReporter -->
<testsuite skipped="0" hostname="LAPTOP-3TQCCJ30" name="Test.GitTest.AppTest" tests="1" failures="0" timestamp="2021-05-07T14:06:13 IST" time="0.021" errors="0">
  <testcase name="testApp" time="0.021" classname="Test.GitTest.AppTest"/>
  <system-out/>
</testsuite> <!-- Test.GitTest.AppTest -->
